<?xml version="1.0" encoding="UTF-8"?>
<testng-results ignored="0" total="2" passed="2" failed="0" skipped="0">
  <reporter-output>
  </reporter-output>
  <suite started-at="2022-11-14T08:06:39Z" name="Page Object test example" finished-at="2022-11-14T08:06:44Z" duration-ms="5054">
    <groups>
    </groups>
    <test started-at="2022-11-14T08:06:39Z" name="sample test" finished-at="2022-11-14T08:06:44Z" duration-ms="5054">
      <class name="com.stack.MainPageTest">
        <test-method is-config="true" signature="initializeTestBaseSetup(java.lang.String, java.lang.String)[pri:0, instance:com.stack.MainPageTest@2de23121]" started-at="2022-11-14T03:06:39Z" name="initializeTestBaseSetup" finished-at="2022-11-14T03:06:42Z" duration-ms="3406" status="PASS">
          <params>
            <param index="0">
              <value>
                <![CDATA[chrome]]>
              </value>
            </param>
            <param index="1">
              <value>
                <![CDATA[http://localhost:3000/]]>
              </value>
            </param>
          </params>
          <reporter-output>
          </reporter-output>
        </test-method> <!-- initializeTestBaseSetup -->
        <test-method is-config="true" signature="setUp()[pri:0, instance:com.stack.MainPageTest@2de23121]" started-at="2022-11-14T03:06:42Z" name="setUp" finished-at="2022-11-14T03:06:42Z" duration-ms="1" status="PASS">
          <reporter-output>
          </reporter-output>
        </test-method> <!-- setUp -->
        <test-method signature="verifyMainPageFunction()[pri:0, instance:com.stack.MainPageTest@2de23121]" started-at="2022-11-14T03:06:42Z" name="verifyMainPageFunction" finished-at="2022-11-14T03:06:43Z" duration-ms="575" status="PASS">
          <reporter-output>
          </reporter-output>
        </test-method> <!-- verifyMainPageFunction -->
        <test-method signature="verifyNeagtiveMainPageFunction()[pri:0, instance:com.stack.MainPageTest@2de23121]" started-at="2022-11-14T03:06:43Z" name="verifyNeagtiveMainPageFunction" finished-at="2022-11-14T03:06:43Z" duration-ms="363" status="PASS">
          <reporter-output>
          </reporter-output>
        </test-method> <!-- verifyNeagtiveMainPageFunction -->
        <test-method is-config="true" signature="tearDown()[pri:0, instance:com.stack.MainPageTest@2de23121]" started-at="2022-11-14T03:06:43Z" name="tearDown" finished-at="2022-11-14T03:06:44Z" duration-ms="684" status="PASS">
          <reporter-output>
          </reporter-output>
        </test-method> <!-- tearDown -->
      </class> <!-- com.stack.MainPageTest -->
    </test> <!-- sample test -->
  </suite> <!-- Page Object test example -->
</testng-results>
